[debug] [2022-03-27T17:33:36.594Z] ----------------------------------------------------------------------
[debug] [2022-03-27T17:33:36.596Z] Command:       C:\Program Files\nodejs\node.exe C:\Users\-e-\AppData\Roaming\npm\node_modules\firebase-tools\lib\bin\firebase.js init
[debug] [2022-03-27T17:33:36.597Z] CLI Version:   10.5.0
[debug] [2022-03-27T17:33:36.597Z] Platform:      win32
[debug] [2022-03-27T17:33:36.597Z] Node Version:  v14.9.0
[debug] [2022-03-27T17:33:36.598Z] Time:          Sun Mar 27 2022 23:03:36 GMT+0530 (India Standard Time)
[debug] [2022-03-27T17:33:36.598Z] ----------------------------------------------------------------------
[debug] 
[debug] [2022-03-27T17:33:36.606Z] > command requires scopes: ["email","openid","https://www.googleapis.com/auth/cloudplatformprojects.readonly","https://www.googleapis.com/auth/firebase","https://www.googleapis.com/auth/cloud-platform"]
[debug] [2022-03-27T17:33:36.606Z] > authorizing via signed-in user (mr.binara@gmail.com)
[info] 
     ######## #### ########  ######## ########     ###     ######  ########
     ##        ##  ##     ## ##       ##     ##  ##   ##  ##       ##
     ######    ##  ########  ######   ########  #########  ######  ######
     ##        ##  ##    ##  ##       ##     ## ##     ##       ## ##
     ##       #### ##     ## ######## ########  ##     ##  ######  ########

You're about to initialize a Firebase project in this directory:

  C:\xampp\htdocs\FCMS-backend

Before we get started, keep in mind:

  * You are currently outside your home directory

[info] 
=== Project Setup
[info] 
[info] First, let's associate this project directory with a Firebase project.
[info] You can create multiple project aliases by running firebase use --add, 
[info] but for now we'll just set up a default project.
[info] 
[debug] [2022-03-27T17:33:48.802Z] >>> [apiv2][query] GET https://firebase.googleapis.com/v1beta1/projects pageSize=100
[debug] [2022-03-27T17:33:49.668Z] <<< [apiv2][status] GET https://firebase.googleapis.com/v1beta1/projects 200
[debug] [2022-03-27T17:33:49.668Z] <<< [apiv2][body] GET https://firebase.googleapis.com/v1beta1/projects [omitted]
[info] i  Using project fcms-be (fcms-backEnd) 
[info] 
=== Hosting Setup
[info] 
[info] Your public directory is the folder (relative to your project directory) that
[info] will contain Hosting assets to be uploaded with firebase deploy. If you
[info] have a build process for your assets, use your build's output directory.
[info] 
[debug] [2022-03-27T17:35:01.459Z] Error: C:\xampp\htdocs\FCMS-backend\C:\xampp\htdocs\FCMS-backend contains invalid WIN32 path characters.
    at Object.mkdirsSync (C:\Users\-e-\AppData\Roaming\npm\node_modules\firebase-tools\node_modules\fs-extra\lib\mkdirs\mkdirs-sync.js:18:22)
    at Object.createFileSync (C:\Users\-e-\AppData\Roaming\npm\node_modules\firebase-tools\node_modules\fs-extra\lib\ensure\file.js:40:11)
    at Config.writeProjectFile (C:\Users\-e-\AppData\Roaming\npm\node_modules\firebase-tools\lib\config.js:151:12)
    at C:\Users\-e-\AppData\Roaming\npm\node_modules\firebase-tools\lib\config.js:175:22
    at processTicksAndRejections (internal/process/task_queues.js:93:5)
    at async doSetup (C:\Users\-e-\AppData\Roaming\npm\node_modules\firebase-tools\lib\init\features\hosting\index.js:48:9)
    at async init (C:\Users\-e-\AppData\Roaming\npm\node_modules\firebase-tools\lib\init\index.js:36:9)
[error] 
[error] Error: An unexpected error has occurred.
[debug] [2022-03-27T17:35:10.820Z] ----------------------------------------------------------------------
[debug] [2022-03-27T17:35:10.823Z] Command:       C:\Program Files\nodejs\node.exe C:\Users\-e-\AppData\Roaming\npm\node_modules\firebase-tools\lib\bin\firebase.js init
[debug] [2022-03-27T17:35:10.823Z] CLI Version:   10.5.0
[debug] [2022-03-27T17:35:10.824Z] Platform:      win32
[debug] [2022-03-27T17:35:10.824Z] Node Version:  v14.9.0
[debug] [2022-03-27T17:35:10.825Z] Time:          Sun Mar 27 2022 23:05:10 GMT+0530 (India Standard Time)
[debug] [2022-03-27T17:35:10.825Z] ----------------------------------------------------------------------
[debug] 
[debug] [2022-03-27T17:35:10.832Z] > command requires scopes: ["email","openid","https://www.googleapis.com/auth/cloudplatformprojects.readonly","https://www.googleapis.com/auth/firebase","https://www.googleapis.com/auth/cloud-platform"]
[debug] [2022-03-27T17:35:10.833Z] > authorizing via signed-in user (mr.binara@gmail.com)
[info] 
     ######## #### ########  ######## ########     ###     ######  ########
     ##        ##  ##     ## ##       ##     ##  ##   ##  ##       ##
     ######    ##  ########  ######   ########  #########  ######  ######
     ##        ##  ##    ##  ##       ##     ## ##     ##       ## ##
     ##       #### ##     ## ######## ########  ##     ##  ######  ########

You're about to initialize a Firebase project in this directory:

  C:\xampp\htdocs\FCMS-backend

Before we get started, keep in mind:

  * You are currently outside your home directory

